<?xml version="1.0" encoding="UTF-8"?>
<!-- Generated by org.testng.reporters.JUnitReportReporter -->
<testsuite name="tests.Demotest" tests="1" time="45.369" ignored="0" failures="0" timestamp="07 Dec 2020 04:54:56 GMT" skipped="0" hostname="LAPTOP-SCNQ620R" errors="0">
  <testcase name="sampleTest" time="45.369" classname="tests.Demotest"/>
</testsuite> <!-- tests.Demotest -->
