<?xml version="1.0" encoding="UTF-8"?>
<!-- Generated by org.testng.reporters.JUnitReportReporter -->
<testsuite name="tests.SampleTest" tests="1" time="53.011" ignored="0" failures="0" timestamp="27 Dec 2020 19:45:49 GMT" skipped="0" hostname="LAPTOP-SCNQ620R" errors="0">
  <testcase name="ValidatingCartProductDetails" time="53.011" classname="tests.SampleTest"/>
</testsuite> <!-- tests.SampleTest -->
