<?xml version="1.0" encoding="UTF-8"?>
<!-- Generated by org.testng.reporters.JUnitReportReporter -->
<testsuite name="tests.BaseTest" tests="1" time="21.283" ignored="0" failures="0" timestamp="12 Dec 2020 13:54:21 GMT" skipped="0" hostname="LAPTOP-SCNQ620R" errors="0">
  <testcase name="test" time="21.283" classname="tests.BaseTest"/>
</testsuite> <!-- tests.BaseTest -->
